<?xml version="1.0" encoding="UTF-8"?>
<!-- Generated by org.testng.reporters.JUnitReportReporter -->
<testsuite hostname="DESKTOP-BT8PEPN" failures="0" tests="1" name="log4jDemo.Log4jTest" time="0.206" errors="0" timestamp="2023-02-15T15:42:31 IST" skipped="0">
  <testcase classname="log4jDemo.Log4jTest" name="login" time="0.206"/>
  <system-out/>
</testsuite> <!-- log4jDemo.Log4jTest -->
