<?xml version="1.0" encoding="UTF-8"?>
<!-- Generated by org.testng.reporters.JUnitReportReporter -->
<testsuite hostname="DESKTOP-BT8PEPN" failures="0" tests="1" name="seleniumListeners.Register" time="36.017" errors="0" timestamp="2023-02-19T11:29:09 IST" skipped="0">
  <testcase classname="seleniumListeners.Register" name="register" time="36.017"/>
  <system-out/>
</testsuite> <!-- seleniumListeners.Register -->
